<?xml version="1.0" encoding="UTF-8"?>
<!-- Generated by org.testng.reporters.JUnitXMLReporter -->
<testsuite hostname="DESKTOP-CSA2B2U" ignored="0" name="Default test" tests="5" failures="0" timestamp="07 Feb 2019 05:31:18 GMT" time="7.867" errors="0">
  <testcase name="verifyAddRecord" time="0.917" classname="pageObjects.Home_Page"/>
  <testcase name="verifyHomepage" time="0.025" classname="pageObjects.Home_Page"/>
  <testcase name="verifyStatistics" time="0.093" classname="pageObjects.Home_Page"/>
  <testcase name="verifybuttonDisabled" time="0.069" classname="pageObjects.Home_Page"/>
  <testcase name="verifyeditIcon" time="0.222" classname="pageObjects.Home_Page"/>
</testsuite> <!-- Default test -->
