<?xml version="1.0" encoding="UTF-8"?>
<!-- Generated by org.testng.reporters.JUnitXMLReporter -->
<testsuite hostname="DESKTOP-CSA2B2U" ignored="0" name="homepage" tests="5" failures="0" timestamp="07 Feb 2019 05:48:00 GMT" time="7.495" errors="0">
  <testcase name="verifyAddRecord" time="1.083" classname="tests.HomePage"/>
  <testcase name="verifyHomepage" time="0.015" classname="tests.HomePage"/>
  <testcase name="verifyStatistics" time="0.099" classname="tests.HomePage"/>
  <testcase name="verifybuttonDisabled" time="0.051" classname="tests.HomePage"/>
  <testcase name="verifyeditIcon" time="0.31" classname="tests.HomePage"/>
</testsuite> <!-- homepage -->
