<?xml version="1.0" encoding="UTF-8"?>
<!-- Generated by org.testng.reporters.JUnitXMLReporter -->
<testsuite hostname="DESKTOP-CSA2B2U" ignored="0" name="Homepage" tests="5" failures="0" timestamp="07 Feb 2019 05:52:08 GMT" time="7.666" errors="0">
  <testcase name="verifyAddRecord" time="0.093" classname="tests.HomePage"/>
  <testcase name="verifyHomepage" time="0.015" classname="tests.HomePage"/>
  <testcase name="verifyStatistics" time="0.101" classname="tests.HomePage"/>
  <testcase name="verifybuttonDisabled" time="0.046" classname="tests.HomePage"/>
  <testcase name="verifyeditIcon" time="0.17" classname="tests.HomePage"/>
</testsuite> <!-- Homepage -->
